  Arkanoid.cpp
c:\users\languasco giustino\documents\visual studio 2015\projects\arkanoid\arkanoid\ball.h(36): warning C4244: '=': conversion from 'int' to 'float', possible loss of data
c:\users\languasco giustino\documents\visual studio 2015\projects\arkanoid\arkanoid\ball.h(116): warning C4838: conversion from 'unsigned int' to 'const float' requires a narrowing conversion
c:\users\languasco giustino\documents\visual studio 2015\projects\arkanoid\arkanoid\ball.h(116): warning C4244: 'initializing': conversion from 'unsigned int' to 'const float', possible loss of data
c:\users\languasco giustino\documents\visual studio 2015\projects\arkanoid\arkanoid\ball.h(216): warning C4244: 'initializing': conversion from 'float' to 'int', possible loss of data
c:\users\languasco giustino\documents\visual studio 2015\projects\arkanoid\arkanoid\ball.h(217): warning C4244: 'initializing': conversion from 'float' to 'int', possible loss of data
c:\users\languasco giustino\documents\visual studio 2015\projects\arkanoid\arkanoid\ball.h(218): warning C4244: 'initializing': conversion from 'float' to 'int', possible loss of data
c:\users\languasco giustino\documents\visual studio 2015\projects\arkanoid\arkanoid\ball.h(219): warning C4244: 'initializing': conversion from 'float' to 'int', possible loss of data
c:\users\languasco giustino\documents\visual studio 2015\projects\arkanoid\arkanoid\brick.h(116): warning C4838: conversion from 'unsigned int' to 'const float' requires a narrowing conversion
c:\users\languasco giustino\documents\visual studio 2015\projects\arkanoid\arkanoid\brick.h(116): warning C4244: 'initializing': conversion from 'unsigned int' to 'const float', possible loss of data
c:\users\languasco giustino\documents\visual studio 2015\projects\arkanoid\arkanoid\brick.h(213): warning C4244: 'initializing': conversion from 'float' to 'int', possible loss of data
c:\users\languasco giustino\documents\visual studio 2015\projects\arkanoid\arkanoid\brick.h(214): warning C4244: 'initializing': conversion from 'float' to 'int', possible loss of data
c:\users\languasco giustino\documents\visual studio 2015\projects\arkanoid\arkanoid\brick.h(215): warning C4244: 'initializing': conversion from 'float' to 'int', possible loss of data
c:\users\languasco giustino\documents\visual studio 2015\projects\arkanoid\arkanoid\brick.h(216): warning C4244: 'initializing': conversion from 'float' to 'int', possible loss of data
c:\users\languasco giustino\documents\visual studio 2015\projects\arkanoid\arkanoid\board.h(216): warning C4244: 'initializing': conversion from 'float' to 'int', possible loss of data
c:\users\languasco giustino\documents\visual studio 2015\projects\arkanoid\arkanoid\board.h(217): warning C4244: 'initializing': conversion from 'float' to 'int', possible loss of data
c:\users\languasco giustino\documents\visual studio 2015\projects\arkanoid\arkanoid\board.h(218): warning C4244: 'initializing': conversion from 'float' to 'int', possible loss of data
c:\users\languasco giustino\documents\visual studio 2015\projects\arkanoid\arkanoid\board.h(219): warning C4244: 'initializing': conversion from 'float' to 'int', possible loss of data
c:\users\languasco giustino\documents\visual studio 2015\projects\arkanoid\arkanoid\board.h(245): warning C4244: 'initializing': conversion from 'const float' to 'int', possible loss of data
c:\users\languasco giustino\documents\visual studio 2015\projects\arkanoid\arkanoid\board.h(246): warning C4244: 'initializing': conversion from 'const float' to 'int', possible loss of data
c:\users\languasco giustino\documents\visual studio 2015\projects\arkanoid\arkanoid\board.h(247): warning C4244: 'initializing': conversion from 'const float' to 'int', possible loss of data
c:\users\languasco giustino\documents\visual studio 2015\projects\arkanoid\arkanoid\board.h(248): warning C4244: 'initializing': conversion from 'const float' to 'int', possible loss of data
c:\users\languasco giustino\documents\visual studio 2015\projects\arkanoid\arkanoid\scene.h(95): warning C4244: 'argument': conversion from 'float' to 'int', possible loss of data
c:\users\languasco giustino\documents\visual studio 2015\projects\arkanoid\arkanoid\arkanoid.cpp(93): warning C4244: 'argument': conversion from 'time_t' to 'unsigned int', possible loss of data
c:\users\languasco giustino\documents\visual studio 2015\projects\arkanoid\arkanoid\arkanoid.cpp(114): warning C4244: 'argument': conversion from 'float' to 'int', possible loss of data
c:\users\languasco giustino\documents\visual studio 2015\projects\arkanoid\arkanoid\arkanoid.cpp(189): warning C4244: 'argument': conversion from 'float' to 'GLsizei', possible loss of data
c:\users\languasco giustino\documents\visual studio 2015\projects\arkanoid\arkanoid\arkanoid.cpp(207): warning C4244: '=': conversion from 'Sint32' to 'float', possible loss of data
  Arkanoid.vcxproj -> C:\Users\Languasco Giustino\documents\visual studio 2015\Projects\Arkanoid\Debug\Arkanoid.exe
  Arkanoid.vcxproj -> C:\Users\Languasco Giustino\documents\visual studio 2015\Projects\Arkanoid\Debug\Arkanoid.pdb (Partial PDB)
